2023-11-07 12:26:16.552 CET [64724] LOG:  starting PostgreSQL 15.4 on x86_64-redhat-linux-gnu, compiled by gcc (GCC) 13.2.1 20230728 (Red Hat 13.2.1-1), 64-bit
2023-11-07 12:26:16.552 CET [64724] LOG:  could not bind IPv6 address "::1": Address already in use
2023-11-07 12:26:16.552 CET [64724] HINT:  Is another postmaster already running on port 5432? If not, wait a few seconds and retry.
2023-11-07 12:26:16.552 CET [64724] LOG:  could not bind IPv4 address "127.0.0.1": Address already in use
2023-11-07 12:26:16.552 CET [64724] HINT:  Is another postmaster already running on port 5432? If not, wait a few seconds and retry.
2023-11-07 12:26:16.552 CET [64724] WARNING:  could not create listen socket for "localhost"
2023-11-07 12:26:16.552 CET [64724] FATAL:  could not create any TCP/IP sockets
2023-11-07 12:26:16.553 CET [64724] LOG:  database system is shut down
2023-11-07 12:26:29.038 CET [64787] LOG:  starting PostgreSQL 15.4 on x86_64-redhat-linux-gnu, compiled by gcc (GCC) 13.2.1 20230728 (Red Hat 13.2.1-1), 64-bit
2023-11-07 12:26:29.039 CET [64787] LOG:  could not bind IPv6 address "::1": Address already in use
2023-11-07 12:26:29.039 CET [64787] HINT:  Is another postmaster already running on port 5432? If not, wait a few seconds and retry.
2023-11-07 12:26:29.039 CET [64787] LOG:  could not bind IPv4 address "127.0.0.1": Address already in use
2023-11-07 12:26:29.039 CET [64787] HINT:  Is another postmaster already running on port 5432? If not, wait a few seconds and retry.
2023-11-07 12:26:29.039 CET [64787] WARNING:  could not create listen socket for "localhost"
2023-11-07 12:26:29.039 CET [64787] FATAL:  could not create any TCP/IP sockets
2023-11-07 12:26:29.039 CET [64787] LOG:  database system is shut down
2023-11-07 12:31:41.988 CET [4851] LOG:  starting PostgreSQL 15.4 on x86_64-redhat-linux-gnu, compiled by gcc (GCC) 13.2.1 20230728 (Red Hat 13.2.1-1), 64-bit
2023-11-07 12:31:41.989 CET [4851] LOG:  listening on IPv6 address "::1", port 5432
2023-11-07 12:31:41.989 CET [4851] LOG:  listening on IPv4 address "127.0.0.1", port 5432
2023-11-07 12:31:41.990 CET [4851] FATAL:  could not create lock file "/var/run/postgresql/.s.PGSQL.5432.lock": Permission denied
2023-11-07 12:31:41.991 CET [4851] LOG:  database system is shut down
2023-11-07 12:32:07.251 CET [4973] LOG:  starting PostgreSQL 15.4 on x86_64-redhat-linux-gnu, compiled by gcc (GCC) 13.2.1 20230728 (Red Hat 13.2.1-1), 64-bit
2023-11-07 12:32:07.251 CET [4973] LOG:  listening on IPv6 address "::1", port 5432
2023-11-07 12:32:07.251 CET [4973] LOG:  listening on IPv4 address "127.0.0.1", port 5432
2023-11-07 12:32:07.254 CET [4973] FATAL:  could not create lock file "/var/run/postgresql/.s.PGSQL.5432.lock": Permission denied
2023-11-07 12:32:07.255 CET [4973] LOG:  database system is shut down
2023-11-07 12:32:57.023 CET [5290] LOG:  starting PostgreSQL 15.4 on x86_64-redhat-linux-gnu, compiled by gcc (GCC) 13.2.1 20230728 (Red Hat 13.2.1-1), 64-bit
2023-11-07 12:32:57.023 CET [5290] LOG:  listening on IPv6 address "::1", port 5432
2023-11-07 12:32:57.024 CET [5290] LOG:  listening on IPv4 address "127.0.0.1", port 5432
2023-11-07 12:32:57.025 CET [5290] FATAL:  could not create lock file "/var/run/postgresql/.s.PGSQL.5432.lock": Permission denied
2023-11-07 12:32:57.026 CET [5290] LOG:  database system is shut down
2023-11-07 12:34:34.104 CET [5619] LOG:  starting PostgreSQL 15.4 on x86_64-redhat-linux-gnu, compiled by gcc (GCC) 13.2.1 20230728 (Red Hat 13.2.1-1), 64-bit
2023-11-07 12:34:34.104 CET [5619] LOG:  listening on IPv6 address "::1", port 5432
2023-11-07 12:34:34.104 CET [5619] LOG:  listening on IPv4 address "127.0.0.1", port 5432
2023-11-07 12:34:34.107 CET [5619] LOG:  listening on Unix socket "/var/run/postgresql/.s.PGSQL.5432"
2023-11-07 12:34:34.109 CET [5619] LOG:  listening on Unix socket "/tmp/.s.PGSQL.5432"
2023-11-07 12:34:34.113 CET [5623] LOG:  database system was shut down at 2023-11-07 12:26:05 CET
2023-11-07 12:34:34.117 CET [5619] LOG:  database system is ready to accept connections
